02/04/20 03:07:24 Xvnc version TightVNC-1.3.10
02/04/20 03:07:24 Copyright (C) 2000-2009 TightVNC Group
02/04/20 03:07:24 Copyright (C) 1999 AT&T Laboratories Cambridge
02/04/20 03:07:24 All Rights Reserved.
02/04/20 03:07:24 See http://www.tightvnc.com/ for information on TightVNC
02/04/20 03:07:24 Desktop name 'X' (sairamaraju2c.mylabserver.com:1)
02/04/20 03:07:24 Protocol versions supported: 3.3, 3.7, 3.8, 3.7t, 3.8t
02/04/20 03:07:24 Listening for VNC connections on TCP port 5901
Font directory '/usr/share/fonts/X11/75dpi/' not found - ignoring
Font directory '/usr/share/fonts/X11/100dpi/' not found - ignoring
xrdb: No such file or directory
xrdb: can't open file '/home/cloud_user/.Xresources'
/usr/bin/startxfce4: X server already running on display :1
Xlib:  extension "RANDR" missing on display ":1".
gpg-agent[1362]: WARNING: "--write-env-file" is an obsolete option - it has no effect
gpg-agent[1363]: gpg-agent (GnuPG) 2.2.4 started

(xfce4-session:1320): xfce4-session-WARNING **: 03:07:26.428: gpg-agent returned no PID in the variables

(xfce4-session:1320): xfce4-session-WARNING **: 03:07:26.430: xfsm_manager_load_session: Something wrong with /home/cloud_user/.cache/sessions/xfce4-session-sairamaraju2c.mylabserver.com:1, Does it exist? Permissions issue?
Xlib:  extension "RANDR" missing on display ":1.0".
Xlib:  extension "RANDR" missing on display ":1.0".
Xlib:  extension "RANDR" missing on display ":1.0".
Xlib:  extension "RANDR" missing on display ":1.0".
Xlib:  extension "RANDR" missing on display ":1.0".

(xfsettingsd:1415): xfsettingsd-CRITICAL **: 03:07:26.701: No RANDR extension found in display :1.0. Display settings won't be applied.
Xlib:  extension "XInputExtension" missing on display ":1.0".

(xfsettingsd:1415): xfsettingsd-CRITICAL **: 03:07:26.704: XI is not present.

(xfsettingsd:1415): xfsettingsd-CRITICAL **: 03:07:26.705: Failed to initialize the Xkb extension.

(xfsettingsd:1415): xfsettingsd-CRITICAL **: 03:07:26.705: Failed to initialize the Accessibility extension.
Xlib:  extension "RANDR" missing on display ":1.0".

(xfdesktop:1373): Gtk-WARNING **: 03:07:26.793: Unable to locate theme engine in module_path: "pixmap",

(xfdesktop:1373): Gtk-WARNING **: 03:07:26.793: Unable to locate theme engine in module_path: "pixmap",

(xfdesktop:1373): Gtk-WARNING **: 03:07:26.794: Unable to locate theme engine in module_path: "pixmap",

(xfce4-session:1320): Gtk-WARNING **: 03:07:26.795: Unable to locate theme engine in module_path: "pixmap",

(Thunar:1371): Gtk-WARNING **: 03:07:26.795: Unable to locate theme engine in module_path: "pixmap",

(Thunar:1371): Gtk-WARNING **: 03:07:26.796: Unable to locate theme engine in module_path: "pixmap",

(Thunar:1371): Gtk-WARNING **: 03:07:26.796: Unable to locate theme engine in module_path: "pixmap",

(xfsettingsd:1415): Gtk-WARNING **: 03:07:26.797: Unable to locate theme engine in module_path: "pixmap",

(xfsettingsd:1415): Gtk-WARNING **: 03:07:26.799: Unable to locate theme engine in module_path: "pixmap",

(xfsettingsd:1415): Gtk-WARNING **: 03:07:26.799: Unable to locate theme engine in module_path: "pixmap",

(xfce4-session:1320): Gtk-WARNING **: 03:07:26.800: Unable to locate theme engine in module_path: "pixmap",

(xfce4-session:1320): Gtk-WARNING **: 03:07:26.801: Unable to locate theme engine in module_path: "pixmap",

(Thunar:1371): Gtk-WARNING **: 03:07:26.823: Unable to locate theme engine in module_path: "pixmap",

(Thunar:1371): Gtk-WARNING **: 03:07:26.823: Unable to locate theme engine in module_path: "pixmap",

(xfce4-session:1320): Gtk-WARNING **: 03:07:26.824: Unable to locate theme engine in module_path: "pixmap",

(xfdesktop:1373): Gtk-WARNING **: 03:07:26.824: Unable to locate theme engine in module_path: "pixmap",

(xfce4-session:1320): Gtk-WARNING **: 03:07:26.824: Unable to locate theme engine in module_path: "pixmap",

(xfdesktop:1373): Gtk-WARNING **: 03:07:26.824: Unable to locate theme engine in module_path: "pixmap",

(xfsettingsd:1415): Gtk-WARNING **: 03:07:26.824: Unable to locate theme engine in module_path: "pixmap",

(xfsettingsd:1415): Gtk-WARNING **: 03:07:26.824: Unable to locate theme engine in module_path: "pixmap",

(xfce4-panel:1369): Gtk-WARNING **: 03:07:26.866: Unable to locate theme engine in module_path: "pixmap",

(xfce4-panel:1369): Gtk-WARNING **: 03:07:26.866: Unable to locate theme engine in module_path: "pixmap",

(xfce4-panel:1369): Gtk-WARNING **: 03:07:26.866: Unable to locate theme engine in module_path: "pixmap",

(xfce4-panel:1369): Gtk-WARNING **: 03:07:26.868: Unable to locate theme engine in module_path: "pixmap",

(xfce4-panel:1369): Gtk-WARNING **: 03:07:26.868: Unable to locate theme engine in module_path: "pixmap",

(xfwm4:1365): xfwm4-WARNING **: 03:07:27.021: The display does not support the XRender extension.

(xfwm4:1365): xfwm4-WARNING **: 03:07:27.021: The display does not support the XRandr extension.

(xfwm4:1365): xfwm4-WARNING **: 03:07:27.021: The display does not support the XComposite extension.

(xfwm4:1365): xfwm4-WARNING **: 03:07:27.021: The display does not support the XDamage extension.

(xfwm4:1365): xfwm4-WARNING **: 03:07:27.021: The display does not support the XFixes extension.

(xfwm4:1365): xfwm4-WARNING **: 03:07:27.021: Compositing manager disabled.

(xfwm4:1365): Gtk-WARNING **: 03:07:27.024: Unable to locate theme engine in module_path: "pixmap",

(xfwm4:1365): Gtk-WARNING **: 03:07:27.024: Unable to locate theme engine in module_path: "pixmap",

(xfwm4:1365): Gtk-WARNING **: 03:07:27.025: Unable to locate theme engine in module_path: "pixmap",

(xfwm4:1365): Gtk-WARNING **: 03:07:27.026: Unable to locate theme engine in module_path: "pixmap",

(xfwm4:1365): Gtk-WARNING **: 03:07:27.026: Unable to locate theme engine in module_path: "pixmap",

(xfsettingsd:1415): xfsettingsd-WARNING **: 03:07:27.135: Failed to get the _NET_NUMBER_OF_DESKTOPS property.
Xlib:  extension "RANDR" missing on display ":1.0".

(wrapper-1.0:1479): Gtk-WARNING **: 03:07:27.511: Unable to locate theme engine in module_path: "pixmap",

(wrapper-1.0:1479): Gtk-WARNING **: 03:07:27.512: Unable to locate theme engine in module_path: "pixmap",

(wrapper-1.0:1479): Gtk-WARNING **: 03:07:27.512: Unable to locate theme engine in module_path: "pixmap",

(wrapper-1.0:1479): Gtk-WARNING **: 03:07:27.532: Unable to locate theme engine in module_path: "pixmap",

(wrapper-1.0:1479): Gtk-WARNING **: 03:07:27.533: Unable to locate theme engine in module_path: "pixmap",
xfwm4-Message: 03:07:27.552: Unsupported keyboard modifier '<Super>Tab'

(xfwm4:1365): xfwm4-WARNING **: 03:07:27.554: Cannot find visual format on screen 0
Xlib:  extension "RANDR" missing on display ":1.0".

(wrapper-1.0:1486): Gtk-WARNING **: 03:07:27.582: Unable to locate theme engine in module_path: "pixmap",

(wrapper-1.0:1486): Gtk-WARNING **: 03:07:27.583: Unable to locate theme engine in module_path: "pixmap",

(wrapper-1.0:1486): Gtk-WARNING **: 03:07:27.583: Unable to locate theme engine in module_path: "pixmap",

(wrapper-1.0:1486): Gtk-WARNING **: 03:07:27.587: Unable to locate theme engine in module_path: "pixmap",

(wrapper-1.0:1486): Gtk-WARNING **: 03:07:27.587: Unable to locate theme engine in module_path: "pixmap",

** (xfdesktop:1373): WARNING **: 03:07:28.764: Failed to set the background '/usr/share/backgrounds/xfce/xfce-teal.jpg': GDBus.Error:org.freedesktop.DBus.Error.InvalidArgs: No such interface 'org.freedesktop.DisplayManager.AccountsService'
